0 info it worked if it ends with ok
1 verbose cli [ 'c:\\Program Files\\nodejs\\node.exe',
1 verbose cli   'c:\\Program Files\\nodejs\\node_modules\\npm\\bin\\npm-cli.js',
1 verbose cli   'install',
1 verbose cli   'angular_route' ]
2 info using npm@1.4.28
3 info using node@v0.10.32
4 verbose readDependencies using package.json deps
5 verbose cache add [ 'angular_route', null ]
6 verbose cache add name=undefined spec="angular_route" args=["angular_route",null]
7 verbose parsed url { protocol: null,
7 verbose parsed url   slashes: null,
7 verbose parsed url   auth: null,
7 verbose parsed url   host: null,
7 verbose parsed url   port: null,
7 verbose parsed url   hostname: null,
7 verbose parsed url   hash: null,
7 verbose parsed url   search: null,
7 verbose parsed url   query: null,
7 verbose parsed url   pathname: 'angular_route',
7 verbose parsed url   path: 'angular_route',
7 verbose parsed url   href: 'angular_route' }
8 silly lockFile fc730671-angular-route angular_route
9 verbose lock angular_route C:\Users\Michael\AppData\Roaming\npm-cache\fc730671-angular-route.lock
10 silly lockFile fc730671-angular-route angular_route
11 silly lockFile fc730671-angular-route angular_route
12 verbose addNamed [ 'angular_route', '' ]
13 verbose addNamed [ null, '*' ]
14 silly lockFile 506b61f9-angular-route angular_route@
15 verbose lock angular_route@ C:\Users\Michael\AppData\Roaming\npm-cache\506b61f9-angular-route.lock
16 silly addNameRange { name: 'angular_route', range: '*', hasData: false }
17 verbose request where is /angular_route
18 verbose request registry https://registry.npmjs.org/
19 verbose request id 226c5b23c0ac9cb7
20 verbose url raw /angular_route
21 verbose url resolving [ 'https://registry.npmjs.org/', './angular_route' ]
22 verbose url resolved https://registry.npmjs.org/angular_route
23 verbose request where is https://registry.npmjs.org/angular_route
24 info trying registry request attempt 1 at 10:27:42
25 http GET https://registry.npmjs.org/angular_route
26 http 404 https://registry.npmjs.org/angular_route
27 silly registry.get cb [ 404,
27 silly registry.get   { 'content-type': 'application/json',
27 silly registry.get     'cache-control': 'max-age=0',
27 silly registry.get     'content-length': '2',
27 silly registry.get     'accept-ranges': 'bytes',
27 silly registry.get     date: 'Tue, 02 Feb 2016 17:27:45 GMT',
27 silly registry.get     via: '1.1 varnish',
27 silly registry.get     age: '0',
27 silly registry.get     connection: 'keep-alive',
27 silly registry.get     'x-served-by': 'cache-dfw1833-DFW',
27 silly registry.get     'x-cache': 'MISS',
27 silly registry.get     'x-cache-hits': '0',
27 silly registry.get     'x-timer': 'S1454434065.757256,VS0,VE55' } ]
28 silly lockFile 506b61f9-angular-route angular_route@
29 silly lockFile 506b61f9-angular-route angular_route@
30 error 404 Not Found
30 error 404
30 error 404 'angular_route' is not in the npm registry.
30 error 404 You should bug the author to publish it
30 error 404 It was specified as a dependency of 'cpce-flashcards'
30 error 404
30 error 404 Note that you can also install from a
30 error 404 tarball, folder, or http url, or git url.
31 error System Windows_NT 6.1.7601
32 error command "c:\\Program Files\\nodejs\\node.exe" "c:\\Program Files\\nodejs\\node_modules\\npm\\bin\\npm-cli.js" "install" "angular_route"
33 error cwd d:\cpce-flashcards
34 error node -v v0.10.32
35 error npm -v 1.4.28
36 error code E404
37 verbose exit [ 1, true ]
